生成启动时间为 2023/1/20 16:52:02。
     1>项目“C:\Users\XJQ\Desktop\笔记、程序、其他文件\c++\template\template\template.vcxproj”在节点 2 上(build 个目标)。
     1>InitializeBuildStatus:
         正在对“Debug\template.unsuccessfulbuild”执行 Touch 任务。
       ClCompile:
         D:\Visual stdio2010\VC\bin\CL.exe /c /ZI /nologo /W3 /WX- /Od /Oy- /D _MBCS /Gm /EHsc /RTC1 /MDd /GS /fp:precise /Zc:wchar_t /Zc:forScope /Fo"Debug\\" /Fd"Debug\vc100.pdb" /Gd /TP /analyze- /errorReport:prompt template.cpp
         template.cpp
     1>c:\users\xjq\desktop\笔记、程序、其他文件\c++\template\template\template.cpp(45): warning C4244: “参数”: 从“double”转换到“int”，可能丢失数据
     1>c:\users\xjq\desktop\笔记、程序、其他文件\c++\template\template\template.cpp(59): warning C4244: “参数”: 从“double”转换到“int”，可能丢失数据
     1>c:\users\xjq\desktop\笔记、程序、其他文件\c++\template\template\template.cpp(61): warning C4244: “参数”: 从“double”转换到“int”，可能丢失数据
       Link:
         D:\Visual stdio2010\VC\bin\link.exe /ERRORREPORT:PROMPT /OUT:"C:\Users\XJQ\Desktop\笔记、程序、其他文件\c++\template\Debug\template.exe" /NOLOGO kernel32.lib user32.lib gdi32.lib winspool.lib comdlg32.lib advapi32.lib shell32.lib ole32.lib oleaut32.lib uuid.lib odbc32.lib odbccp32.lib /MANIFEST /ManifestFile:"Debug\template.exe.intermediate.manifest" /MANIFESTUAC:"level='asInvoker' uiAccess='false'" /DEBUG /PDB:"C:\Users\XJQ\Desktop\笔记、程序、其他文件\c++\template\Debug\template.pdb" /TLBID:1 /DYNAMICBASE /NXCOMPAT /IMPLIB:"C:\Users\XJQ\Desktop\笔记、程序、其他文件\c++\template\Debug\template.lib" /MACHINE:X86 Debug\template.obj
         template.vcxproj -> C:\Users\XJQ\Desktop\笔记、程序、其他文件\c++\template\Debug\template.exe
       Manifest:
         C:\Program Files (x86)\Microsoft SDKs\Windows\v7.0A\bin\mt.exe /nologo /verbose /outputresource:"C:\Users\XJQ\Desktop\笔记、程序、其他文件\c++\template\Debug\template.exe;#1" /manifest Debug\template.exe.intermediate.manifest
       FinalizeBuildStatus:
         正在删除文件“Debug\template.unsuccessfulbuild”。
         正在对“Debug\template.lastbuildstate”执行 Touch 任务。
     1>已完成生成项目“C:\Users\XJQ\Desktop\笔记、程序、其他文件\c++\template\template\template.vcxproj”(build 个目标)的操作。

生成成功。

已用时间 00:00:00.66
