生成启动时间为 2022/11/23 11:45:25。
     1>项目“C:\Users\XJQ\Desktop\笔记、程序、其他文件\c++\inherit\inherit\inherit.vcxproj”在节点 2 上(build 个目标)。
     1>InitializeBuildStatus:
         正在创建“Debug\inherit.unsuccessfulbuild”，因为已指定“AlwaysCreate”。
       ClCompile:
         D:\Visual stdio2010\VC\bin\CL.exe /c /ZI /nologo /W3 /WX- /Od /Oy- /D _MBCS /Gm /EHsc /RTC1 /MDd /GS /fp:precise /Zc:wchar_t /Zc:forScope /Fo"Debug\\" /Fd"Debug\vc100.pdb" /Gd /TP /analyze- /errorReport:prompt static_and_dyanmic_compile.cpp
         static_and_dyanmic_compile.cpp
     1>c:\users\xjq\desktop\笔记、程序、其他文件\c++\inherit\inherit\static_and_dyanmic_compile.cpp(28): warning C4584: “Dog1”: 基类“Animal1”已是“Dog”的基类
                 c:\users\xjq\desktop\笔记、程序、其他文件\c++\inherit\inherit\static_and_dyanmic_compile.cpp(7) : 参见“Animal1”的声明
                 c:\users\xjq\desktop\笔记、程序、其他文件\c++\inherit\inherit\static_and_dyanmic_compile.cpp(14) : 参见“Dog”的声明
       Link:
         D:\Visual stdio2010\VC\bin\link.exe /ERRORREPORT:PROMPT /OUT:"C:\Users\XJQ\Desktop\笔记、程序、其他文件\c++\inherit\Debug\inherit.exe" /NOLOGO kernel32.lib user32.lib gdi32.lib winspool.lib comdlg32.lib advapi32.lib shell32.lib ole32.lib oleaut32.lib uuid.lib odbc32.lib odbccp32.lib /MANIFEST /ManifestFile:"Debug\inherit.exe.intermediate.manifest" /MANIFESTUAC:"level='asInvoker' uiAccess='false'" /DEBUG /PDB:"C:\Users\XJQ\Desktop\笔记、程序、其他文件\c++\inherit\Debug\inherit.pdb" /TLBID:1 /DYNAMICBASE /NXCOMPAT /IMPLIB:"C:\Users\XJQ\Desktop\笔记、程序、其他文件\c++\inherit\Debug\inherit.lib" /MACHINE:X86 Debug\diamond_inherit.obj
         Debug\inherit.obj
         Debug\inherit_creat_func.obj
         Debug\inherit_same_name.obj
         Debug\static_and_dyanmic_compile.obj
         LINK : 没有找到 C:\Users\XJQ\Desktop\笔记、程序、其他文件\c++\inherit\Debug\inherit.exe 或上一个增量链接没有生成它；正在执行完全链接
         inherit.vcxproj -> C:\Users\XJQ\Desktop\笔记、程序、其他文件\c++\inherit\Debug\inherit.exe
       Manifest:
         C:\Program Files (x86)\Microsoft SDKs\Windows\v7.0A\bin\mt.exe /nologo /verbose /outputresource:"C:\Users\XJQ\Desktop\笔记、程序、其他文件\c++\inherit\Debug\inherit.exe;#1" /manifest Debug\inherit.exe.intermediate.manifest
       FinalizeBuildStatus:
         正在删除文件“Debug\inherit.unsuccessfulbuild”。
         正在对“Debug\inherit.lastbuildstate”执行 Touch 任务。
     1>已完成生成项目“C:\Users\XJQ\Desktop\笔记、程序、其他文件\c++\inherit\inherit\inherit.vcxproj”(build 个目标)的操作。

生成成功。

已用时间 00:00:00.68
