生成启动时间为 2022/11/3 20:24:44。
     1>项目“C:\Users\XJQ\Desktop\笔记、程序、其他文件\c++\Construct_And_Destruct\new_dynamic_memory\new_dynamic_memory.vcxproj”在节点 2 上(build 个目标)。
     1>InitializeBuildStatus:
         正在创建“Debug\new_dynamic_memory.unsuccessfulbuild”，因为已指定“AlwaysCreate”。
       ClCompile:
         D:\Visual stdio2010\VC\bin\CL.exe /c /ZI /nologo /W3 /WX- /Od /Oy- /D _MBCS /Gm /EHsc /RTC1 /MDd /GS /fp:precise /Zc:wchar_t /Zc:forScope /Fo"Debug\\" /Fd"Debug\vc100.pdb" /Gd /TP /analyze- /errorReport:prompt static_member.cpp
         static_member.cpp
       Link:
         D:\Visual stdio2010\VC\bin\link.exe /ERRORREPORT:PROMPT /OUT:"C:\Users\XJQ\Desktop\笔记、程序、其他文件\c++\Construct_And_Destruct\Debug\new_dynamic_memory.exe" /NOLOGO kernel32.lib user32.lib gdi32.lib winspool.lib comdlg32.lib advapi32.lib shell32.lib ole32.lib oleaut32.lib uuid.lib odbc32.lib odbccp32.lib /MANIFEST /ManifestFile:"Debug\new_dynamic_memory.exe.intermediate.manifest" /MANIFESTUAC:"level='asInvoker' uiAccess='false'" /DEBUG /PDB:"C:\Users\XJQ\Desktop\笔记、程序、其他文件\c++\Construct_And_Destruct\Debug\new_dynamic_memory.pdb" /TLBID:1 /DYNAMICBASE /NXCOMPAT /IMPLIB:"C:\Users\XJQ\Desktop\笔记、程序、其他文件\c++\Construct_And_Destruct\Debug\new_dynamic_memory.lib" /MACHINE:X86 Debug\deep_shallow_copy.obj
         Debug\new_delete.obj
         Debug\static_member.obj
         LINK : 没有找到 C:\Users\XJQ\Desktop\笔记、程序、其他文件\c++\Construct_And_Destruct\Debug\new_dynamic_memory.exe 或上一个增量链接没有生成它；正在执行完全链接
         new_dynamic_memory.vcxproj -> C:\Users\XJQ\Desktop\笔记、程序、其他文件\c++\Construct_And_Destruct\Debug\new_dynamic_memory.exe
       Manifest:
         C:\Program Files (x86)\Microsoft SDKs\Windows\v7.0A\bin\mt.exe /nologo /verbose /outputresource:"C:\Users\XJQ\Desktop\笔记、程序、其他文件\c++\Construct_And_Destruct\Debug\new_dynamic_memory.exe;#1" /manifest Debug\new_dynamic_memory.exe.intermediate.manifest
       FinalizeBuildStatus:
         正在删除文件“Debug\new_dynamic_memory.unsuccessfulbuild”。
         正在对“Debug\new_dynamic_memory.lastbuildstate”执行 Touch 任务。
     1>已完成生成项目“C:\Users\XJQ\Desktop\笔记、程序、其他文件\c++\Construct_And_Destruct\new_dynamic_memory\new_dynamic_memory.vcxproj”(build 个目标)的操作。

生成成功。

已用时间 00:00:01.26
