生成启动时间为 2022/11/18 20:40:52。
     1>项目“C:\Users\XJQ\Desktop\笔记、程序、其他文件\c++\operator_overload\operator_overload\operator_overload.vcxproj”在节点 2 上(build 个目标)。
     1>InitializeBuildStatus:
         正在创建“Debug\operator_overload.unsuccessfulbuild”，因为已指定“AlwaysCreate”。
       ClCompile:
         D:\Visual stdio2010\VC\bin\CL.exe /c /ZI /nologo /W3 /WX- /Od /Oy- /D _MBCS /Gm /EHsc /RTC1 /MDd /GS /fp:precise /Zc:wchar_t /Zc:forScope /Fo"Debug\\" /Fd"Debug\vc100.pdb" /Gd /TP /analyze- /errorReport:prompt plus_plus_overload.cpp
         plus_plus_overload.cpp
       Link:
         D:\Visual stdio2010\VC\bin\link.exe /ERRORREPORT:PROMPT /OUT:"C:\Users\XJQ\Desktop\笔记、程序、其他文件\c++\operator_overload\Debug\operator_overload.exe" /NOLOGO kernel32.lib user32.lib gdi32.lib winspool.lib comdlg32.lib advapi32.lib shell32.lib ole32.lib oleaut32.lib uuid.lib odbc32.lib odbccp32.lib /MANIFEST /ManifestFile:"Debug\operator_overload.exe.intermediate.manifest" /MANIFESTUAC:"level='asInvoker' uiAccess='false'" /DEBUG /PDB:"C:\Users\XJQ\Desktop\笔记、程序、其他文件\c++\operator_overload\Debug\operator_overload.pdb" /TLBID:1 /DYNAMICBASE /NXCOMPAT /IMPLIB:"C:\Users\XJQ\Desktop\笔记、程序、其他文件\c++\operator_overload\Debug\operator_overload.lib" /MACHINE:X86 Debug\add.obj
         Debug\evaluation_overload.obj
         Debug\left_shift_operator.obj
         Debug\plus_plus_overload.obj
         LINK : 没有找到 C:\Users\XJQ\Desktop\笔记、程序、其他文件\c++\operator_overload\Debug\operator_overload.exe 或上一个增量链接没有生成它；正在执行完全链接
         operator_overload.vcxproj -> C:\Users\XJQ\Desktop\笔记、程序、其他文件\c++\operator_overload\Debug\operator_overload.exe
       Manifest:
         C:\Program Files (x86)\Microsoft SDKs\Windows\v7.0A\bin\mt.exe /nologo /verbose /outputresource:"C:\Users\XJQ\Desktop\笔记、程序、其他文件\c++\operator_overload\Debug\operator_overload.exe;#1" /manifest Debug\operator_overload.exe.intermediate.manifest
       FinalizeBuildStatus:
         正在删除文件“Debug\operator_overload.unsuccessfulbuild”。
         正在对“Debug\operator_overload.lastbuildstate”执行 Touch 任务。
     1>已完成生成项目“C:\Users\XJQ\Desktop\笔记、程序、其他文件\c++\operator_overload\operator_overload\operator_overload.vcxproj”(build 个目标)的操作。

生成成功。

已用时间 00:00:00.92
