生成启动时间为 2022/11/2 14:50:57。
     1>项目“C:\Users\XJQ\Desktop\笔记、程序、其他文件\c++\Construct_And_Destruct\construct_and_destruct\construct_and_destruct.vcxproj”在节点 2 上(build 个目标)。
     1>InitializeBuildStatus:
         正在创建“Release\construct_and_destruct.unsuccessfulbuild”，因为已指定“AlwaysCreate”。
       ClCompile:
         D:\Visual stdio2010\VC\bin\CL.exe /c /Zi /nologo /W3 /WX- /O2 /Oi /Oy- /GL /D _MBCS /Gm- /EHsc /MD /GS /Gy /fp:precise /Zc:wchar_t /Zc:forScope /Fo"Release\\" /Fd"Release\vc100.pdb" /Gd /TP /analyze- /errorReport:prompt cd_struct2.cpp
         cd_struct2.cpp
       Link:
         D:\Visual stdio2010\VC\bin\link.exe /ERRORREPORT:PROMPT /OUT:"C:\Users\XJQ\Desktop\笔记、程序、其他文件\c++\Construct_And_Destruct\Release\construct_and_destruct.exe" /NOLOGO kernel32.lib user32.lib gdi32.lib winspool.lib comdlg32.lib advapi32.lib shell32.lib ole32.lib oleaut32.lib uuid.lib odbc32.lib odbccp32.lib /MANIFEST /ManifestFile:"Release\construct_and_destruct.exe.intermediate.manifest" /MANIFESTUAC:"level='asInvoker' uiAccess='false'" /DEBUG /PDB:"C:\Users\XJQ\Desktop\笔记、程序、其他文件\c++\Construct_And_Destruct\Release\construct_and_destruct.pdb" /OPT:REF /OPT:ICF /LTCG /TLBID:1 /DYNAMICBASE /NXCOMPAT /IMPLIB:"C:\Users\XJQ\Desktop\笔记、程序、其他文件\c++\Construct_And_Destruct\Release\construct_and_destruct.lib" /MACHINE:X86 Release\cd_struct.obj
         Release\cd_struct2.obj
         正在生成代码
         已完成代码的生成
         construct_and_destruct.vcxproj -> C:\Users\XJQ\Desktop\笔记、程序、其他文件\c++\Construct_And_Destruct\Release\construct_and_destruct.exe
       Manifest:
         C:\Program Files (x86)\Microsoft SDKs\Windows\v7.0A\bin\mt.exe /nologo /verbose /outputresource:"C:\Users\XJQ\Desktop\笔记、程序、其他文件\c++\Construct_And_Destruct\Release\construct_and_destruct.exe;#1" /manifest Release\construct_and_destruct.exe.intermediate.manifest
       FinalizeBuildStatus:
         正在删除文件“Release\construct_and_destruct.unsuccessfulbuild”。
         正在对“Release\construct_and_destruct.lastbuildstate”执行 Touch 任务。
     1>已完成生成项目“C:\Users\XJQ\Desktop\笔记、程序、其他文件\c++\Construct_And_Destruct\construct_and_destruct\construct_and_destruct.vcxproj”(build 个目标)的操作。

生成成功。

已用时间 00:00:01.06
